# JRE version: OpenJDK Runtime Environment (17.0.11) (build 17.0.11+0--11852314)
# Java VM: OpenJDK 64-Bit Server VM (17.0.11+0--11852314, mixed mode, tiered, compressed oops, compressed class ptrs, g1 gc, windows-amd64)
GC Precious Log:
 CPUs: 4 total, 4 available
 Memory: 3920M
 Large Page Support: Disabled
 NUMA Support: Disabled
 Compressed Oops: Enabled (32-bit)
 Heap Region Size: 1M
 Heap Min Capacity: 8M
 Heap Initial Capacity: 62M
 Heap Max Capacity: 2G
 Pre-touch: Disabled
 Parallel Workers: 4
 Concurrent Workers: 1
 Concurrent Refinement Workers: 4
 Periodic GC: Disabled
Heap:
 garbage-first heap   total 130048K, used 73716K [0x0000000080000000, 0x0000000100000000)
  region size 1024K, 4 young (4096K), 1 survivors (1024K)
 Metaspace       used 86049K, committed 86656K, reserved 1179648K
  class space    used 11788K, committed 12096K, reserved 1048576K
GC Heap History (20 events):
Event: 49.134 GC heap before
{Heap before GC invocations=41 (full 0):
 garbage-first heap   total 102400K, used 80343K [0x0000000080000000, 0x0000000100000000)
  region size 1024K, 25 young (25600K), 1 survivors (1024K)
 Metaspace       used 67610K, committed 68224K, reserved 1114112K
  class space    used 9164K, committed 9472K, reserved 1048576K
}
Event: 49.139 GC heap after
{Heap after GC invocations=42 (full 0):
 garbage-first heap   total 130048K, used 57404K [0x0000000080000000, 0x0000000100000000)
  region size 1024K, 1 young (1024K), 1 survivors (1024K)
 Metaspace       used 67610K, committed 68224K, reserved 1114112K
  class space    used 9164K, committed 9472K, reserved 1048576K
}
Event: 51.868 GC heap before
{Heap before GC invocations=42 (full 0):
 garbage-first heap   total 130048K, used 104508K [0x0000000080000000, 0x0000000100000000)
  region size 1024K, 47 young (48128K), 1 survivors (1024K)
 Metaspace       used 72486K, committed 73088K, reserved 1114112K
  class space    used 9798K, committed 10112K, reserved 1048576K
}
Event: 51.877 GC heap after
{Heap after GC invocations=43 (full 0):
 garbage-first heap   total 130048K, used 59607K [0x0000000080000000, 0x0000000100000000)
  region size 1024K, 3 young (3072K), 3 survivors (3072K)
 Metaspace       used 72486K, committed 73088K, reserved 1114112K
  class space    used 9798K, committed 10112K, reserved 1048576K
}
Event: 54.149 GC heap before
{Heap before GC invocations=43 (full 0):
 garbage-first heap   total 130048K, used 111831K [0x0000000080000000, 0x0000000100000000)
  region size 1024K, 49 young (50176K), 3 survivors (3072K)
 Metaspace       used 75147K, committed 75776K, reserved 1114112K
  class space    used 10159K, committed 10496K, reserved 1048576K
}
Event: 54.163 GC heap after
{Heap after GC invocations=44 (full 0):
 garbage-first heap   total 130048K, used 64673K [0x0000000080000000, 0x0000000100000000)
  region size 1024K, 7 young (7168K), 7 survivors (7168K)
 Metaspace       used 75147K, committed 75776K, reserved 1114112K
  class space    used 10159K, committed 10496K, reserved 1048576K
}
Event: 57.725 GC heap before
{Heap before GC invocations=44 (full 0):
 garbage-first heap   total 130048K, used 106657K [0x0000000080000000, 0x0000000100000000)
  region size 1024K, 48 young (49152K), 7 survivors (7168K)
 Metaspace       used 79166K, committed 79808K, reserved 1179648K
  class space    used 10716K, committed 11008K, reserved 1048576K
}
Event: 57.738 GC heap after
{Heap after GC invocations=45 (full 0):
 garbage-first heap   total 130048K, used 66464K [0x0000000080000000, 0x0000000100000000)
  region size 1024K, 2 young (2048K), 2 survivors (2048K)
 Metaspace       used 79166K, committed 79808K, reserved 1179648K
  class space    used 10716K, committed 11008K, reserved 1048576K
}
Event: 59.689 GC heap before
{Heap before GC invocations=45 (full 0):
 garbage-first heap   total 130048K, used 107424K [0x0000000080000000, 0x0000000100000000)
  region size 1024K, 42 young (43008K), 2 survivors (2048K)
 Metaspace       used 82033K, committed 82688K, reserved 1179648K
  class space    used 11081K, committed 11392K, reserved 1048576K
}
Event: 59.700 GC heap after
{Heap after GC invocations=46 (full 0):
 garbage-first heap   total 130048K, used 70122K [0x0000000080000000, 0x0000000100000000)
  region size 1024K, 6 young (6144K), 6 survivors (6144K)
 Metaspace       used 82033K, committed 82688K, reserved 1179648K
  class space    used 11081K, committed 11392K, reserved 1048576K
}
Event: 85.886 GC heap before
{Heap before GC invocations=46 (full 0):
 garbage-first heap   total 130048K, used 106986K [0x0000000080000000, 0x0000000100000000)
  region size 1024K, 41 young (41984K), 6 survivors (6144K)
 Metaspace       used 84466K, committed 85120K, reserved 1179648K
  class space    used 11452K, committed 11776K, reserved 1048576K
}
Event: 91.534 GC heap after
{Heap after GC invocations=47 (full 0):
 garbage-first heap   total 130048K, used 71400K [0x0000000080000000, 0x0000000100000000)
  region size 1024K, 2 young (2048K), 2 survivors (2048K)
 Metaspace       used 84466K, committed 85120K, reserved 1179648K
  class space    used 11452K, committed 11776K, reserved 1048576K
}
Event: 99.129 GC heap before
{Heap before GC invocations=47 (full 0):
 garbage-first heap   total 130048K, used 74472K [0x0000000080000000, 0x0000000100000000)
  region size 1024K, 6 young (6144K), 2 survivors (2048K)
 Metaspace       used 84746K, committed 85376K, reserved 1179648K
  class space    used 11514K, committed 11840K, reserved 1048576K
}
Event: 99.402 GC heap after
{Heap after GC invocations=48 (full 0):
 garbage-first heap   total 130048K, used 71662K [0x0000000080000000, 0x0000000100000000)
  region size 1024K, 1 young (1024K), 1 survivors (1024K)
 Metaspace       used 84746K, committed 85376K, reserved 1179648K
  class space    used 11514K, committed 11840K, reserved 1048576K
}
Event: 107.264 GC heap before
{Heap before GC invocations=48 (full 0):
 garbage-first heap   total 130048K, used 76782K [0x0000000080000000, 0x0000000100000000)
  region size 1024K, 6 young (6144K), 1 survivors (1024K)
 Metaspace       used 85125K, committed 85760K, reserved 1179648K
  class space    used 11594K, committed 11904K, reserved 1048576K
}
Event: 107.368 GC heap after
{Heap after GC invocations=49 (full 0):
 garbage-first heap   total 130048K, used 71462K [0x0000000080000000, 0x0000000100000000)
  region size 1024K, 1 young (1024K), 1 survivors (1024K)
 Metaspace       used 85125K, committed 85760K, reserved 1179648K
  class space    used 11594K, committed 11904K, reserved 1048576K
}
Event: 116.754 GC heap before
{Heap before GC invocations=49 (full 0):
 garbage-first heap   total 130048K, used 75558K [0x0000000080000000, 0x0000000100000000)
  region size 1024K, 6 young (6144K), 1 survivors (1024K)
 Metaspace       used 85493K, committed 86144K, reserved 1179648K
  class space    used 11667K, committed 11968K, reserved 1048576K
}
Event: 116.815 GC heap after
{Heap after GC invocations=50 (full 0):
 garbage-first heap   total 130048K, used 71575K [0x0000000080000000, 0x0000000100000000)
  region size 1024K, 1 young (1024K), 1 survivors (1024K)
 Metaspace       used 85493K, committed 86144K, reserved 1179648K
  class space    used 11667K, committed 11968K, reserved 1048576K
}
Event: 123.934 GC heap before
{Heap before GC invocations=50 (full 0):
 garbage-first heap   total 130048K, used 76695K [0x0000000080000000, 0x0000000100000000)
  region size 1024K, 6 young (6144K), 1 survivors (1024K)
 Metaspace       used 85880K, committed 86528K, reserved 1179648K
  class space    used 11744K, committed 12032K, reserved 1048576K
}
Event: 123.938 GC heap after
{Heap after GC invocations=51 (full 0):
 garbage-first heap   total 130048K, used 71668K [0x0000000080000000, 0x0000000100000000)
  region size 1024K, 1 young (1024K), 1 survivors (1024K)
 Metaspace       used 85880K, committed 86528K, reserved 1179648K
  class space    used 11744K, committed 12032K, reserved 1048576K
}

